<?xml version="1.0" encoding="UTF-8"?>
<testsuite name="BookRepositoryMySQLTesting" tests="4" skipped="0" failures="0" errors="0" timestamp="2023-12-05T21:27:59" hostname="DESKTOP-D4G4I3F" time="0.147">
  <properties/>
  <testcase name="saveTest()" classname="BookRepositoryMySQLTesting" time="0.058"/>
  <testcase name="findAllTest()" classname="BookRepositoryMySQLTesting" time="0.044"/>
  <testcase name="removeAllTest()" classname="BookRepositoryMySQLTesting" time="0.014"/>
  <testcase name="findByIdTest()" classname="BookRepositoryMySQLTesting" time="0.025"/>
  <system-out><![CDATA[]]></system-out>
  <system-err><![CDATA[]]></system-err>
</testsuite>
