<?xml version="1.0" encoding="UTF-8"?>
<testsuite name="BookRepositoryMySQLTesting" tests="4" skipped="0" failures="0" errors="0" timestamp="2023-12-05T21:10:44" hostname="DESKTOP-D4G4I3F" time="0.136">
  <properties/>
  <testcase name="saveTest()" classname="BookRepositoryMySQLTesting" time="0.074"/>
  <testcase name="findAllTest()" classname="BookRepositoryMySQLTesting" time="0.025"/>
  <testcase name="removeAllTest()" classname="BookRepositoryMySQLTesting" time="0.013"/>
  <testcase name="findByIdTest()" classname="BookRepositoryMySQLTesting" time="0.021"/>
  <system-out><![CDATA[]]></system-out>
  <system-err><![CDATA[]]></system-err>
</testsuite>
