<?xml version="1.0" encoding="UTF-8"?>
<testsuite name="BookRepositoryMySQLTesting" tests="4" skipped="0" failures="0" errors="0" timestamp="2023-11-12T20:02:29" hostname="DESKTOP-D4G4I3F" time="0.109">
  <properties/>
  <testcase name="saveTest()" classname="BookRepositoryMySQLTesting" time="0.051"/>
  <testcase name="findAllTest()" classname="BookRepositoryMySQLTesting" time="0.022"/>
  <testcase name="removeAllTest()" classname="BookRepositoryMySQLTesting" time="0.009"/>
  <testcase name="findByIdTest()" classname="BookRepositoryMySQLTesting" time="0.024"/>
  <system-out><![CDATA[]]></system-out>
  <system-err><![CDATA[]]></system-err>
</testsuite>
