<?xml version="1.0" encoding="UTF-8"?>
<testsuite name="BookRepositoryMockTest" tests="3" skipped="0" failures="0" errors="0" timestamp="2023-12-05T21:27:59" hostname="DESKTOP-D4G4I3F" time="0.021">
  <properties/>
  <testcase name="findAll()" classname="BookRepositoryMockTest" time="0.013"/>
  <testcase name="findById()" classname="BookRepositoryMockTest" time="0.002"/>
  <testcase name="save()" classname="BookRepositoryMockTest" time="0.004"/>
  <system-out><![CDATA[]]></system-out>
  <system-err><![CDATA[]]></system-err>
</testsuite>
